<?xml version="1.0" encoding="UTF-8"?>
<testng-results skipped="0" failed="1" total="6" passed="5">
  <reporter-output>
  </reporter-output>
  <suite name="Main Test Suite" duration-ms="64881" started-at="2018-03-02T07:24:59Z" finished-at="2018-03-02T07:26:03Z">
    <groups>
    </groups>
    <test name="TestNG Test Group" duration-ms="64881" started-at="2018-03-02T07:24:59Z" finished-at="2018-03-02T07:26:03Z">
      <class name="test.batchfile">
        <test-method status="PASS" signature="f()[pri:0, instance:test.batchfile@35f983a6]" name="f" duration-ms="15321" started-at="2018-03-02T12:55:33Z" finished-at="2018-03-02T12:55:48Z">
          <reporter-output>
          </reporter-output>
        </test-method> <!-- f -->
        <test-method status="PASS" signature="test1()[pri:0, instance:test.batchfile@35f983a6]" name="test1" duration-ms="6918" started-at="2018-03-02T12:55:48Z" finished-at="2018-03-02T12:55:55Z">
          <reporter-output>
          </reporter-output>
        </test-method> <!-- test1 -->
        <test-method status="FAIL" signature="test2()[pri:0, instance:test.batchfile@35f983a6]" name="test2" duration-ms="8212" started-at="2018-03-02T12:55:55Z" finished-at="2018-03-02T12:56:03Z">
          <exception class="junit.framework.AssertionFailedError">
            <full-stacktrace>
              <![CDATA[junit.framework.AssertionFailedError
	at junit.framework.Assert.fail(Assert.java:55)
	at junit.framework.Assert.assertTrue(Assert.java:22)
	at junit.framework.Assert.assertFalse(Assert.java:39)
	at junit.framework.Assert.assertFalse(Assert.java:47)
	at test.batchfile.test2(batchfile.java:67)
	at sun.reflect.NativeMethodAccessorImpl.invoke0(Native Method)
	at sun.reflect.NativeMethodAccessorImpl.invoke(Unknown Source)
	at sun.reflect.DelegatingMethodAccessorImpl.invoke(Unknown Source)
	at java.lang.reflect.Method.invoke(Unknown Source)
	at org.testng.internal.MethodInvocationHelper.invokeMethod(MethodInvocationHelper.java:80)
	at org.testng.internal.Invoker.invokeMethod(Invoker.java:715)
	at org.testng.internal.Invoker.invokeTestMethod(Invoker.java:907)
	at org.testng.internal.Invoker.invokeTestMethods(Invoker.java:1237)
	at org.testng.internal.TestMethodWorker.invokeTestMethods(TestMethodWorker.java:127)
	at org.testng.internal.TestMethodWorker.run(TestMethodWorker.java:111)
	at org.testng.TestRunner.privateRun(TestRunner.java:767)
	at org.testng.TestRunner.run(TestRunner.java:617)
	at org.testng.SuiteRunner.runTest(SuiteRunner.java:334)
	at org.testng.SuiteRunner.runSequentially(SuiteRunner.java:329)
	at org.testng.SuiteRunner.privateRun(SuiteRunner.java:291)
	at org.testng.SuiteRunner.run(SuiteRunner.java:240)
	at org.testng.SuiteRunnerWorker.runSuite(SuiteRunnerWorker.java:51)
	at org.testng.SuiteRunnerWorker.run(SuiteRunnerWorker.java:85)
	at org.testng.TestNG.runSuitesSequentially(TestNG.java:1197)
	at org.testng.TestNG.runSuitesLocally(TestNG.java:1122)
	at org.testng.TestNG.run(TestNG.java:1030)
	at org.testng.TestNG.privateMain(TestNG.java:1337)
	at org.testng.TestNG.main(TestNG.java:1306)
]]>
            </full-stacktrace>
          </exception> <!-- junit.framework.AssertionFailedError -->
          <reporter-output>
          </reporter-output>
        </test-method> <!-- test2 -->
      </class> <!-- test.batchfile -->
      <class name="test.report">
        <test-method status="PASS" signature="url()[pri:0, instance:test.report@3cda1055]" name="url" duration-ms="16337" started-at="2018-03-02T12:54:59Z" finished-at="2018-03-02T12:55:15Z">
          <reporter-output>
          </reporter-output>
        </test-method> <!-- url -->
        <test-method status="PASS" signature="signup()[pri:0, instance:test.report@3cda1055]" name="signup" duration-ms="18072" started-at="2018-03-02T12:55:15Z" finished-at="2018-03-02T12:55:33Z">
          <reporter-output>
          </reporter-output>
        </test-method> <!-- signup -->
        <test-method status="PASS" signature="test()[pri:0, instance:test.report@3cda1055]" name="test" duration-ms="2" started-at="2018-03-02T12:55:33Z" finished-at="2018-03-02T12:55:33Z">
          <reporter-output>
          </reporter-output>
        </test-method> <!-- test -->
      </class> <!-- test.report -->
    </test> <!-- TestNG Test Group -->
  </suite> <!-- Main Test Suite -->
</testng-results>
